<?xml version="1.0" encoding="UTF-8"?>
<testng-results ignored="0" total="1" passed="1" failed="0" skipped="0">
  <reporter-output>
  </reporter-output>
  <suite started-at="2020-12-10T11:49:22 IST" name="Default suite" finished-at="2020-12-10T11:49:39 IST" duration-ms="16934">
    <groups>
    </groups>
    <test started-at="2020-12-10T11:49:22 IST" name="Default test" finished-at="2020-12-10T11:49:39 IST" duration-ms="16934">
      <class name="SeleAssign.pinCompare">
        <test-method is-config="true" signature="beforeMethod()[pri:0, instance:SeleAssign.pinCompare@136b6f16]" started-at="2020-12-10T11:49:22 IST" name="beforeMethod" finished-at="2020-12-10T11:49:37 IST" duration-ms="14854" status="PASS">
          <reporter-output>
          </reporter-output>
        </test-method> <!-- beforeMethod -->
        <test-method signature="f()[pri:0, instance:SeleAssign.pinCompare@136b6f16]" started-at="2020-12-10T11:49:37 IST" name="f" finished-at="2020-12-10T11:49:39 IST" duration-ms="2032" status="PASS">
          <reporter-output>
          </reporter-output>
        </test-method> <!-- f -->
        <test-method is-config="true" signature="afterMethod()[pri:0, instance:SeleAssign.pinCompare@136b6f16]" started-at="2020-12-10T11:49:39 IST" name="afterMethod" finished-at="2020-12-10T11:49:39 IST" duration-ms="1" status="PASS">
          <reporter-output>
          </reporter-output>
        </test-method> <!-- afterMethod -->
      </class> <!-- SeleAssign.pinCompare -->
    </test> <!-- Default test -->
  </suite> <!-- Default suite -->
</testng-results>
